D:\OSPanel\domains\pizza.loc\vendor\composer/../laravel/framework/src/Illuminate/Foundation/Application.php
D:\OSPanel\domains\pizza.loc\vendor\composer/../laravel/framework/src/Illuminate/Container/Container.php
D:\OSPanel\domains\pizza.loc\vendor\composer/../laravel/framework/src/Illuminate/Contracts/Container/Container.php
D:\OSPanel\domains\pizza.loc\vendor\composer/../laravel/framework/src/Illuminate/Contracts/Foundation/Application.php
D:\OSPanel\domains\pizza.loc\vendor\composer/../symfony/http-kernel/HttpKernelInterface.php
D:\OSPanel\domains\pizza.loc\vendor\composer/../laravel/framework/src/Illuminate/Events/EventServiceProvider.php
D:\OSPanel\domains\pizza.loc\vendor\composer/../laravel/framework/src/Illuminate/Support/ServiceProvider.php
D:\OSPanel\domains\pizza.loc\vendor\composer/../laravel/framework/src/Illuminate/Support/Arr.php
D:\OSPanel\domains\pizza.loc\vendor\composer/../laravel/framework/src/Illuminate/Support/Traits/Macroable.php
D:\OSPanel\domains\pizza.loc\vendor\composer/../laravel/framework/src/Illuminate/Log/LogServiceProvider.php
D:\OSPanel\domains\pizza.loc\vendor\composer/../laravel/framework/src/Illuminate/Routing/RoutingServiceProvider.php
D:\OSPanel\domains\pizza.loc\vendor\composer/../../app/Http/Kernel.php
D:\OSPanel\domains\pizza.loc\vendor\composer/../laravel/framework/src/Illuminate/Foundation/Http/Kernel.php
D:\OSPanel\domains\pizza.loc\vendor\composer/../laravel/framework/src/Illuminate/Contracts/Http/Kernel.php
D:\OSPanel\domains\pizza.loc\vendor\composer/../laravel/framework/src/Illuminate/Routing/Router.php
D:\OSPanel\domains\pizza.loc\vendor\composer/../laravel/framework/src/Illuminate/Contracts/Routing/Registrar.php
D:\OSPanel\domains\pizza.loc\vendor\composer/../laravel/framework/src/Illuminate/Contracts/Routing/BindingRegistrar.php
D:\OSPanel\domains\pizza.loc\vendor\composer/../laravel/framework/src/Illuminate/Events/Dispatcher.php
D:\OSPanel\domains\pizza.loc\vendor\composer/../laravel/framework/src/Illuminate/Contracts/Events/Dispatcher.php
D:\OSPanel\domains\pizza.loc\vendor\composer/../laravel/framework/src/Illuminate/Routing/RouteCollection.php
D:\OSPanel\domains\pizza.loc\vendor\composer/../laravel/framework/src/Illuminate/Http/Request.php
D:\OSPanel\domains\pizza.loc\vendor\composer/../symfony/http-foundation/Request.php
D:\OSPanel\domains\pizza.loc\vendor\composer/../laravel/framework/src/Illuminate/Http/Concerns/InteractsWithContentTypes.php
D:\OSPanel\domains\pizza.loc\vendor\composer/../laravel/framework/src/Illuminate/Http/Concerns/InteractsWithFlashData.php
D:\OSPanel\domains\pizza.loc\vendor\composer/../laravel/framework/src/Illuminate/Http/Concerns/InteractsWithInput.php
D:\OSPanel\domains\pizza.loc\vendor\composer/../laravel/framework/src/Illuminate/Contracts/Support/Arrayable.php
D:\OSPanel\domains\pizza.loc\vendor\composer/../symfony/http-foundation/ParameterBag.php
D:\OSPanel\domains\pizza.loc\vendor\composer/../symfony/http-foundation/FileBag.php
D:\OSPanel\domains\pizza.loc\vendor\composer/../symfony/http-foundation/ServerBag.php
D:\OSPanel\domains\pizza.loc\vendor\composer/../symfony/http-foundation/HeaderBag.php
D:\OSPanel\domains\pizza.loc\vendor\composer/../laravel/framework/src/Illuminate/Support/Str.php
D:\OSPanel\domains\pizza.loc\vendor\composer/../laravel/framework/src/Illuminate/Support/Facades/Facade.php
D:\OSPanel\domains\pizza.loc\vendor\composer/../laravel/framework/src/Illuminate/Foundation/Bootstrap/LoadEnvironmentVariables.php
D:\OSPanel\domains\pizza.loc\vendor\composer/../vlucas/phpdotenv/src/Dotenv.php
D:\OSPanel\domains\pizza.loc\vendor\composer/../vlucas/phpdotenv/src/Loader.php
D:\OSPanel\domains\pizza.loc\vendor\composer/../vlucas/phpdotenv/src/Parser.php
D:\OSPanel\domains\pizza.loc\vendor\composer/../laravel/framework/src/Illuminate/Foundation/Bootstrap/LoadConfiguration.php
D:\OSPanel\domains\pizza.loc\vendor\composer/../laravel/framework/src/Illuminate/Config/Repository.php
D:\OSPanel\domains\pizza.loc\vendor\composer/../laravel/framework/src/Illuminate/Contracts/Config/Repository.php
D:\OSPanel\domains\pizza.loc\vendor\composer/../symfony/finder/Finder.php
D:\OSPanel\domains\pizza.loc\vendor\composer/../symfony/finder/Iterator/FileTypeFilterIterator.php
D:\OSPanel\domains\pizza.loc\vendor\composer/../symfony/finder/Iterator/FilterIterator.php
D:\OSPanel\domains\pizza.loc\vendor\composer/../symfony/finder/Iterator/RecursiveDirectoryIterator.php
D:\OSPanel\domains\pizza.loc\vendor\composer/../symfony/finder/Iterator/ExcludeDirectoryFilterIterator.php
D:\OSPanel\domains\pizza.loc\vendor\composer/../symfony/finder/Iterator/FilenameFilterIterator.php
D:\OSPanel\domains\pizza.loc\vendor\composer/../symfony/finder/Iterator/MultiplePcreFilterIterator.php
D:\OSPanel\domains\pizza.loc\vendor\composer/../symfony/finder/Glob.php
D:\OSPanel\domains\pizza.loc\vendor\composer/../symfony/finder/Iterator/PathFilterIterator.php
D:\OSPanel\domains\pizza.loc\vendor\composer/../symfony/finder/SplFileInfo.php
D:\OSPanel\domains\pizza.loc\vendor\composer/../laravel/framework/src/Illuminate/Foundation/EnvironmentDetector.php
D:\OSPanel\domains\pizza.loc\vendor\composer/../laravel/framework/src/Illuminate/Foundation/Bootstrap/HandleExceptions.php
D:\OSPanel\domains\pizza.loc\vendor\composer/../laravel/framework/src/Illuminate/Foundation/Bootstrap/RegisterFacades.php
D:\OSPanel\domains\pizza.loc\vendor\composer/../laravel/framework/src/Illuminate/Foundation/AliasLoader.php
D:\OSPanel\domains\pizza.loc\vendor\composer/../laravel/framework/src/Illuminate/Foundation/Bootstrap/RegisterProviders.php
D:\OSPanel\domains\pizza.loc\vendor\composer/../laravel/framework/src/Illuminate/Foundation/ProviderRepository.php
D:\OSPanel\domains\pizza.loc\vendor\composer/../laravel/framework/src/Illuminate/Filesystem/Filesystem.php
D:\OSPanel\domains\pizza.loc\vendor\composer/../laravel/framework/src/Illuminate/Auth/AuthServiceProvider.php
D:\OSPanel\domains\pizza.loc\vendor\composer/../laravel/framework/src/Illuminate/Cookie/CookieServiceProvider.php
D:\OSPanel\domains\pizza.loc\vendor\composer/../laravel/framework/src/Illuminate/Database/DatabaseServiceProvider.php
D:\OSPanel\domains\pizza.loc\vendor\composer/../laravel/framework/src/Illuminate/Database/Eloquent/Model.php
D:\OSPanel\domains\pizza.loc\vendor\composer/../laravel/framework/src/Illuminate/Database/Eloquent/Concerns/HasAttributes.php
D:\OSPanel\domains\pizza.loc\vendor\composer/../laravel/framework/src/Illuminate/Database/Eloquent/Concerns/HasEvents.php
D:\OSPanel\domains\pizza.loc\vendor\composer/../laravel/framework/src/Illuminate/Database/Eloquent/Concerns/HasGlobalScopes.php
D:\OSPanel\domains\pizza.loc\vendor\composer/../laravel/framework/src/Illuminate/Database/Eloquent/Concerns/HasRelationships.php
D:\OSPanel\domains\pizza.loc\vendor\composer/../laravel/framework/src/Illuminate/Database/Eloquent/Concerns/HasTimestamps.php
D:\OSPanel\domains\pizza.loc\vendor\composer/../laravel/framework/src/Illuminate/Database/Eloquent/Concerns/HidesAttributes.php
D:\OSPanel\domains\pizza.loc\vendor\composer/../laravel/framework/src/Illuminate/Database/Eloquent/Concerns/GuardsAttributes.php
D:\OSPanel\domains\pizza.loc\vendor\composer/../laravel/framework/src/Illuminate/Contracts/Support/Jsonable.php
D:\OSPanel\domains\pizza.loc\vendor\composer/../laravel/framework/src/Illuminate/Contracts/Queue/QueueableEntity.php
D:\OSPanel\domains\pizza.loc\vendor\composer/../laravel/framework/src/Illuminate/Contracts/Routing/UrlRoutable.php
D:\OSPanel\domains\pizza.loc\vendor\composer/../laravel/framework/src/Illuminate/Encryption/EncryptionServiceProvider.php
D:\OSPanel\domains\pizza.loc\vendor\composer/../laravel/framework/src/Illuminate/Filesystem/FilesystemServiceProvider.php
D:\OSPanel\domains\pizza.loc\vendor\composer/../laravel/framework/src/Illuminate/Foundation/Providers/FoundationServiceProvider.php
D:\OSPanel\domains\pizza.loc\vendor\composer/../laravel/framework/src/Illuminate/Support/AggregateServiceProvider.php
D:\OSPanel\domains\pizza.loc\vendor\composer/../laravel/framework/src/Illuminate/Foundation/Providers/FormRequestServiceProvider.php
D:\OSPanel\domains\pizza.loc\vendor\composer/../laravel/framework/src/Illuminate/Notifications/NotificationServiceProvider.php
D:\OSPanel\domains\pizza.loc\vendor\composer/../laravel/framework/src/Illuminate/Pagination/PaginationServiceProvider.php
D:\OSPanel\domains\pizza.loc\vendor\composer/../laravel/framework/src/Illuminate/Pagination/Paginator.php
D:\OSPanel\domains\pizza.loc\vendor\composer/../laravel/framework/src/Illuminate/Pagination/AbstractPaginator.php
D:\OSPanel\domains\pizza.loc\vendor\composer/../laravel/framework/src/Illuminate/Contracts/Support/Htmlable.php
D:\OSPanel\domains\pizza.loc\vendor\composer/../laravel/framework/src/Illuminate/Contracts/Pagination/Paginator.php
D:\OSPanel\domains\pizza.loc\vendor\composer/../laravel/framework/src/Illuminate/Session/SessionServiceProvider.php
D:\OSPanel\domains\pizza.loc\vendor\composer/../laravel/framework/src/Illuminate/View/ViewServiceProvider.php
D:\OSPanel\domains\pizza.loc\vendor\composer/../../app/Providers/AppServiceProvider.php
D:\OSPanel\domains\pizza.loc\vendor\composer/../../app/Providers/AuthServiceProvider.php
D:\OSPanel\domains\pizza.loc\vendor\composer/../laravel/framework/src/Illuminate/Foundation/Support/Providers/AuthServiceProvider.php
D:\OSPanel\domains\pizza.loc\vendor\composer/../../app/Providers/EventServiceProvider.php
D:\OSPanel\domains\pizza.loc\vendor\composer/../laravel/framework/src/Illuminate/Foundation/Support/Providers/EventServiceProvider.php
D:\OSPanel\domains\pizza.loc\vendor\composer/../../app/Providers/RouteServiceProvider.php
D:\OSPanel\domains\pizza.loc\vendor\composer/../laravel/framework/src/Illuminate/Foundation/Support/Providers/RouteServiceProvider.php
D:\OSPanel\domains\pizza.loc\vendor\composer/../laravel/framework/src/Illuminate/Foundation/Bootstrap/BootProviders.php
D:\OSPanel\domains\pizza.loc\vendor\composer/../laravel/framework/src/Illuminate/Container/BoundMethod.php
D:\OSPanel\domains\pizza.loc\vendor\composer/../laravel/framework/src/Illuminate/Database/DatabaseManager.php
D:\OSPanel\domains\pizza.loc\vendor\composer/../laravel/framework/src/Illuminate/Database/ConnectionResolverInterface.php
D:\OSPanel\domains\pizza.loc\vendor\composer/../laravel/framework/src/Illuminate/Database/Connectors/ConnectionFactory.php
D:\OSPanel\domains\pizza.loc\vendor\composer/../laravel/framework/src/Illuminate/View/Engines/EngineResolver.php
D:\OSPanel\domains\pizza.loc\vendor\composer/../laravel/framework/src/Illuminate/View/FileViewFinder.php
D:\OSPanel\domains\pizza.loc\vendor\composer/../laravel/framework/src/Illuminate/View/ViewFinderInterface.php
D:\OSPanel\domains\pizza.loc\vendor\composer/../laravel/framework/src/Illuminate/View/Factory.php
D:\OSPanel\domains\pizza.loc\vendor\composer/../laravel/framework/src/Illuminate/View/Concerns/ManagesComponents.php
D:\OSPanel\domains\pizza.loc\vendor\composer/../laravel/framework/src/Illuminate/View/Concerns/ManagesEvents.php
D:\OSPanel\domains\pizza.loc\vendor\composer/../laravel/framework/src/Illuminate/View/Concerns/ManagesLayouts.php
D:\OSPanel\domains\pizza.loc\vendor\composer/../laravel/framework/src/Illuminate/View/Concerns/ManagesLoops.php
D:\OSPanel\domains\pizza.loc\vendor\composer/../laravel/framework/src/Illuminate/View/Concerns/ManagesStacks.php
D:\OSPanel\domains\pizza.loc\vendor\composer/../laravel/framework/src/Illuminate/View/Concerns/ManagesTranslations.php
D:\OSPanel\domains\pizza.loc\vendor\composer/../laravel/framework/src/Illuminate/Contracts/View/Factory.php
D:\OSPanel\domains\pizza.loc\vendor\composer/../laravel/framework/src/Illuminate/Support/Facades/Gate.php
D:\OSPanel\domains\pizza.loc\vendor\composer/../laravel/framework/src/Illuminate/Auth/Access/Gate.php
D:\OSPanel\domains\pizza.loc\vendor\composer/../laravel/framework/src/Illuminate/Auth/Access/HandlesAuthorization.php
D:\OSPanel\domains\pizza.loc\vendor\composer/../laravel/framework/src/Illuminate/Contracts/Auth/Access/Gate.php
D:\OSPanel\domains\pizza.loc\vendor\composer/../../app/Permission.php
D:\OSPanel\domains\pizza.loc\vendor\composer/../laravel/framework/src/Illuminate/Database/Connection.php
D:\OSPanel\domains\pizza.loc\vendor\composer/../laravel/framework/src/Illuminate/Database/DetectsDeadlocks.php
D:\OSPanel\domains\pizza.loc\vendor\composer/../laravel/framework/src/Illuminate/Database/DetectsLostConnections.php
D:\OSPanel\domains\pizza.loc\vendor\composer/../laravel/framework/src/Illuminate/Database/Concerns/ManagesTransactions.php
D:\OSPanel\domains\pizza.loc\vendor\composer/../laravel/framework/src/Illuminate/Database/ConnectionInterface.php
D:\OSPanel\domains\pizza.loc\vendor\composer/../laravel/framework/src/Illuminate/Database/MySqlConnection.php
D:\OSPanel\domains\pizza.loc\vendor\composer/../laravel/framework/src/Illuminate/Database/Query/Grammars/MySqlGrammar.php
D:\OSPanel\domains\pizza.loc\vendor\composer/../laravel/framework/src/Illuminate/Database/Query/Grammars/Grammar.php
D:\OSPanel\domains\pizza.loc\vendor\composer/../laravel/framework/src/Illuminate/Database/Grammar.php
D:\OSPanel\domains\pizza.loc\vendor\composer/../laravel/framework/src/Illuminate/Database/Query/Processors/MySqlProcessor.php
D:\OSPanel\domains\pizza.loc\vendor\composer/../laravel/framework/src/Illuminate/Database/Query/Processors/Processor.php
D:\OSPanel\domains\pizza.loc\vendor\composer/../laravel/framework/src/Illuminate/Database/Query/Builder.php
D:\OSPanel\domains\pizza.loc\vendor\composer/../laravel/framework/src/Illuminate/Database/Concerns/BuildsQueries.php
D:\OSPanel\domains\pizza.loc\vendor\composer/../laravel/framework/src/Illuminate/Database/Eloquent/Builder.php
D:\OSPanel\domains\pizza.loc\vendor\composer/../laravel/framework/src/Illuminate/Database/Eloquent/Concerns/QueriesRelationships.php
D:\OSPanel\domains\pizza.loc\vendor\composer/../laravel/framework/src/Illuminate/Support/Pluralizer.php
D:\OSPanel\domains\pizza.loc\vendor\composer/../doctrine/inflector/lib/Doctrine/Common/Inflector/Inflector.php
D:\OSPanel\domains\pizza.loc\vendor\composer/../laravel/framework/src/Illuminate/Support/Collection.php
D:\OSPanel\domains\pizza.loc\vendor\composer/../laravel/framework/src/Illuminate/Database/Connectors/MySqlConnector.php
D:\OSPanel\domains\pizza.loc\vendor\composer/../laravel/framework/src/Illuminate/Database/Connectors/Connector.php
D:\OSPanel\domains\pizza.loc\vendor\composer/../laravel/framework/src/Illuminate/Database/Connectors/ConnectorInterface.php
D:\OSPanel\domains\pizza.loc\vendor\composer/../laravel/framework/src/Illuminate/Database/Events/StatementPrepared.php
D:\OSPanel\domains\pizza.loc\vendor\composer/../laravel/framework/src/Illuminate/Database/Events/QueryExecuted.php
D:\OSPanel\domains\pizza.loc\vendor\composer/../laravel/framework/src/Illuminate/Database/Eloquent/Collection.php
D:\OSPanel\domains\pizza.loc\vendor\composer/../laravel/framework/src/Illuminate/Contracts/Queue/QueueableCollection.php
D:\OSPanel\domains\pizza.loc\vendor\composer/../laravel/framework/src/Illuminate/Support/Facades/Event.php
D:\OSPanel\domains\pizza.loc\vendor\composer/../laravel/framework/src/Illuminate/Routing/UrlGenerator.php
D:\OSPanel\domains\pizza.loc\vendor\composer/../laravel/framework/src/Illuminate/Contracts/Routing/UrlGenerator.php
D:\OSPanel\domains\pizza.loc\vendor\composer/../laravel/framework/src/Illuminate/Support/Facades/Route.php
D:\OSPanel\domains\pizza.loc\vendor\composer/../laravel/framework/src/Illuminate/Routing/RouteRegistrar.php
D:\OSPanel\domains\pizza.loc\vendor\composer/../laravel/framework/src/Illuminate/Routing/Route.php
D:\OSPanel\domains\pizza.loc\vendor\composer/../laravel/framework/src/Illuminate/Routing/RouteDependencyResolverTrait.php
D:\OSPanel\domains\pizza.loc\vendor\composer/../laravel/framework/src/Illuminate/Routing/RouteAction.php
D:\OSPanel\domains\pizza.loc\vendor\composer/../laravel/framework/src/Illuminate/Routing/RouteGroup.php
D:\OSPanel\domains\pizza.loc\vendor\composer/../laravel/framework/src/Illuminate/Routing/ResourceRegistrar.php
D:\OSPanel\domains\pizza.loc\vendor\composer/../laravel/framework/src/Illuminate/Support/Facades/Auth.php
D:\OSPanel\domains\pizza.loc\vendor\composer/../laravel/framework/src/Illuminate/Routing/Pipeline.php
D:\OSPanel\domains\pizza.loc\vendor\composer/../laravel/framework/src/Illuminate/Pipeline/Pipeline.php
D:\OSPanel\domains\pizza.loc\vendor\composer/../laravel/framework/src/Illuminate/Contracts/Pipeline/Pipeline.php
D:\OSPanel\domains\pizza.loc\vendor\composer/../laravel/framework/src/Illuminate/Foundation/Http/Middleware/CheckForMaintenanceMode.php
D:\OSPanel\domains\pizza.loc\vendor\composer/../laravel/framework/src/Illuminate/Foundation/Http/Middleware/ValidatePostSize.php
D:\OSPanel\domains\pizza.loc\vendor\composer/../../app/Http/Middleware/TrimStrings.php
D:\OSPanel\domains\pizza.loc\vendor\composer/../laravel/framework/src/Illuminate/Foundation/Http/Middleware/TrimStrings.php
D:\OSPanel\domains\pizza.loc\vendor\composer/../laravel/framework/src/Illuminate/Foundation/Http/Middleware/TransformsRequest.php
D:\OSPanel\domains\pizza.loc\vendor\composer/../laravel/framework/src/Illuminate/Foundation/Http/Middleware/ConvertEmptyStringsToNull.php
D:\OSPanel\domains\pizza.loc\vendor\composer/../laravel/framework/src/Illuminate/Routing/RouteCompiler.php
D:\OSPanel\domains\pizza.loc\vendor\composer/../symfony/routing/Route.php
D:\OSPanel\domains\pizza.loc\vendor\composer/../symfony/routing/RouteCompiler.php
D:\OSPanel\domains\pizza.loc\vendor\composer/../symfony/routing/RouteCompilerInterface.php
D:\OSPanel\domains\pizza.loc\vendor\composer/../symfony/routing/CompiledRoute.php
D:\OSPanel\domains\pizza.loc\vendor\composer/../laravel/framework/src/Illuminate/Routing/Matching/UriValidator.php
D:\OSPanel\domains\pizza.loc\vendor\composer/../laravel/framework/src/Illuminate/Routing/Matching/ValidatorInterface.php
D:\OSPanel\domains\pizza.loc\vendor\composer/../laravel/framework/src/Illuminate/Routing/Matching/MethodValidator.php
D:\OSPanel\domains\pizza.loc\vendor\composer/../laravel/framework/src/Illuminate/Routing/Matching/SchemeValidator.php
D:\OSPanel\domains\pizza.loc\vendor\composer/../laravel/framework/src/Illuminate/Routing/Matching/HostValidator.php
D:\OSPanel\domains\pizza.loc\vendor\composer/../laravel/framework/src/Illuminate/Routing/RouteParameterBinder.php
D:\OSPanel\domains\pizza.loc\vendor\composer/../laravel/framework/src/Illuminate/Routing/Events/RouteMatched.php
D:\OSPanel\domains\pizza.loc\vendor\composer/../laravel/framework/src/Illuminate/Routing/ControllerDispatcher.php
D:\OSPanel\domains\pizza.loc\vendor\composer/../../app\Http\Controllers\OrderController.php
D:\OSPanel\domains\pizza.loc\vendor\composer/../../app/Http/Controllers/Controller.php
D:\OSPanel\domains\pizza.loc\vendor\composer/../laravel/framework/src/Illuminate/Routing/Controller.php
D:\OSPanel\domains\pizza.loc\vendor\composer/../laravel/framework/src/Illuminate/Foundation/Auth/Access/AuthorizesRequests.php
D:\OSPanel\domains\pizza.loc\vendor\composer/../laravel/framework/src/Illuminate/Foundation/Bus/DispatchesJobs.php
D:\OSPanel\domains\pizza.loc\vendor\composer/../laravel/framework/src/Illuminate/Foundation/Validation/ValidatesRequests.php
D:\OSPanel\domains\pizza.loc\vendor\composer/../laravel/framework/src/Illuminate/Routing/MiddlewareNameResolver.php
D:\OSPanel\domains\pizza.loc\vendor\composer/../laravel/framework/src/Illuminate/Routing/SortedMiddleware.php
D:\OSPanel\domains\pizza.loc\vendor\composer/../../app/Http/Middleware/EncryptCookies.php
D:\OSPanel\domains\pizza.loc\vendor\composer/../laravel/framework/src/Illuminate/Cookie/Middleware/EncryptCookies.php
D:\OSPanel\domains\pizza.loc\vendor\composer/../laravel/framework/src/Illuminate/Contracts/Encryption/Encrypter.php
D:\OSPanel\domains\pizza.loc\vendor\composer/../laravel/framework/src/Illuminate/Encryption/Encrypter.php
D:\OSPanel\domains\pizza.loc\vendor\composer/../laravel/framework/src/Illuminate/Cookie/Middleware/AddQueuedCookiesToResponse.php
D:\OSPanel\domains\pizza.loc\vendor\composer/../laravel/framework/src/Illuminate/Contracts/Cookie/QueueingFactory.php
D:\OSPanel\domains\pizza.loc\vendor\composer/../laravel/framework/src/Illuminate/Contracts/Cookie/Factory.php
D:\OSPanel\domains\pizza.loc\vendor\composer/../laravel/framework/src/Illuminate/Cookie/CookieJar.php
D:\OSPanel\domains\pizza.loc\vendor\composer/../laravel/framework/src/Illuminate/Session/Middleware/StartSession.php
D:\OSPanel\domains\pizza.loc\vendor\composer/../laravel/framework/src/Illuminate/Session/SessionManager.php
D:\OSPanel\domains\pizza.loc\vendor\composer/../laravel/framework/src/Illuminate/Support/Manager.php
D:\OSPanel\domains\pizza.loc\vendor\composer/../laravel/framework/src/Illuminate/Session/FileSessionHandler.php
D:\OSPanel\domains\pizza.loc\vendor\composer/../laravel/framework/src/Illuminate/Session/Store.php
D:\OSPanel\domains\pizza.loc\vendor\composer/../laravel/framework/src/Illuminate/Contracts/Session/Session.php
D:\OSPanel\domains\pizza.loc\vendor\composer/../nesbot/carbon/src/Carbon/Carbon.php
D:\OSPanel\domains\pizza.loc\vendor\composer/../laravel/framework/src/Illuminate/View/Middleware/ShareErrorsFromSession.php
D:\OSPanel\domains\pizza.loc\vendor\composer/../laravel/framework/src/Illuminate/Support/ViewErrorBag.php
D:\OSPanel\domains\pizza.loc\vendor\composer/../../app/Http/Middleware/VerifyCsrfToken.php
D:\OSPanel\domains\pizza.loc\vendor\composer/../laravel/framework/src/Illuminate/Foundation/Http/Middleware/VerifyCsrfToken.php
D:\OSPanel\domains\pizza.loc\vendor\composer/../laravel/framework/src/Illuminate/Routing/Middleware/SubstituteBindings.php
D:\OSPanel\domains\pizza.loc\vendor\composer/../laravel/framework/src/Illuminate/Routing/ImplicitRouteBinding.php
D:\OSPanel\domains\pizza.loc\vendor\composer/../laravel/framework/src/Illuminate/Routing/RouteSignatureParameters.php
D:\OSPanel\domains\pizza.loc\vendor\composer/../symfony/debug/Exception/FatalThrowableError.php
D:\OSPanel\domains\pizza.loc\vendor\composer/../symfony/debug/Exception/FatalErrorException.php
D:\OSPanel\domains\pizza.loc\vendor\composer/../../app/Exceptions/Handler.php
D:\OSPanel\domains\pizza.loc\vendor\composer/../laravel/framework/src/Illuminate/Foundation/Exceptions/Handler.php
D:\OSPanel\domains\pizza.loc\vendor\composer/../laravel/framework/src/Illuminate/Contracts/Debug/ExceptionHandler.php
D:\OSPanel\domains\pizza.loc\vendor\composer/../laravel/framework/src/Illuminate/Log/Writer.php
D:\OSPanel\domains\pizza.loc\vendor\composer/../laravel/framework/src/Illuminate/Contracts/Logging/Log.php
D:\OSPanel\domains\pizza.loc\vendor\composer/../psr/log/Psr/Log/LoggerInterface.php
D:\OSPanel\domains\pizza.loc\vendor\composer/../monolog/monolog/src/Monolog/Logger.php
D:\OSPanel\domains\pizza.loc\vendor\composer/../monolog/monolog/src/Monolog/ResettableInterface.php
D:\OSPanel\domains\pizza.loc\vendor\composer/../monolog/monolog/src/Monolog/Handler/StreamHandler.php
D:\OSPanel\domains\pizza.loc\vendor\composer/../monolog/monolog/src/Monolog/Handler/AbstractProcessingHandler.php
D:\OSPanel\domains\pizza.loc\vendor\composer/../monolog/monolog/src/Monolog/Handler/AbstractHandler.php
D:\OSPanel\domains\pizza.loc\vendor\composer/../monolog/monolog/src/Monolog/Handler/HandlerInterface.php
D:\OSPanel\domains\pizza.loc\vendor\composer/../monolog/monolog/src/Monolog/Utils.php
D:\OSPanel\domains\pizza.loc\vendor\composer/../monolog/monolog/src/Monolog/Formatter/LineFormatter.php
D:\OSPanel\domains\pizza.loc\vendor\composer/../monolog/monolog/src/Monolog/Formatter/NormalizerFormatter.php
D:\OSPanel\domains\pizza.loc\vendor\composer/../monolog/monolog/src/Monolog/Formatter/FormatterInterface.php
D:\OSPanel\domains\pizza.loc\vendor\composer/../laravel/framework/src/Illuminate/Log/Events/MessageLogged.php
D:\OSPanel\domains\pizza.loc\vendor\composer/../symfony/debug/Exception/FlattenException.php
D:\OSPanel\domains\pizza.loc\vendor\composer/../symfony/debug/ExceptionHandler.php
D:\OSPanel\domains\pizza.loc\vendor\composer/../symfony/http-foundation/Response.php
D:\OSPanel\domains\pizza.loc\vendor\composer/../symfony/http-foundation/ResponseHeaderBag.php
D:\OSPanel\domains\pizza.loc\vendor\composer/../laravel/framework/src/Illuminate/Http/Response.php
D:\OSPanel\domains\pizza.loc\vendor\composer/../laravel/framework/src/Illuminate/Http/ResponseTrait.php
D:\OSPanel\domains\pizza.loc\vendor\composer/../symfony/http-foundation/Cookie.php
D:\OSPanel\domains\pizza.loc\vendor\composer/../laravel/framework/src/Illuminate/Foundation/Http/Events/RequestHandled.php
D:\OSPanel\domains\pizza.loc\vendor\composer/../laravel/framework/src/Illuminate/Foundation/Application.php
D:\OSPanel\domains\pizza.loc\vendor\composer/../laravel/framework/src/Illuminate/Container/Container.php
D:\OSPanel\domains\pizza.loc\vendor\composer/../laravel/framework/src/Illuminate/Contracts/Container/Container.php
D:\OSPanel\domains\pizza.loc\vendor\composer/../laravel/framework/src/Illuminate/Contracts/Foundation/Application.php
D:\OSPanel\domains\pizza.loc\vendor\composer/../symfony/http-kernel/HttpKernelInterface.php
D:\OSPanel\domains\pizza.loc\vendor\composer/../laravel/framework/src/Illuminate/Events/EventServiceProvider.php
D:\OSPanel\domains\pizza.loc\vendor\composer/../laravel/framework/src/Illuminate/Support/ServiceProvider.php
D:\OSPanel\domains\pizza.loc\vendor\composer/../laravel/framework/src/Illuminate/Support/Arr.php
D:\OSPanel\domains\pizza.loc\vendor\composer/../laravel/framework/src/Illuminate/Support/Traits/Macroable.php
D:\OSPanel\domains\pizza.loc\vendor\composer/../laravel/framework/src/Illuminate/Log/LogServiceProvider.php
D:\OSPanel\domains\pizza.loc\vendor\composer/../laravel/framework/src/Illuminate/Routing/RoutingServiceProvider.php
D:\OSPanel\domains\pizza.loc\vendor\composer/../../app/Http/Kernel.php
D:\OSPanel\domains\pizza.loc\vendor\composer/../laravel/framework/src/Illuminate/Foundation/Http/Kernel.php
D:\OSPanel\domains\pizza.loc\vendor\composer/../laravel/framework/src/Illuminate/Contracts/Http/Kernel.php
D:\OSPanel\domains\pizza.loc\vendor\composer/../laravel/framework/src/Illuminate/Routing/Router.php
D:\OSPanel\domains\pizza.loc\vendor\composer/../laravel/framework/src/Illuminate/Contracts/Routing/Registrar.php
D:\OSPanel\domains\pizza.loc\vendor\composer/../laravel/framework/src/Illuminate/Contracts/Routing/BindingRegistrar.php
D:\OSPanel\domains\pizza.loc\vendor\composer/../laravel/framework/src/Illuminate/Events/Dispatcher.php
D:\OSPanel\domains\pizza.loc\vendor\composer/../laravel/framework/src/Illuminate/Contracts/Events/Dispatcher.php
D:\OSPanel\domains\pizza.loc\vendor\composer/../laravel/framework/src/Illuminate/Routing/RouteCollection.php
D:\OSPanel\domains\pizza.loc\vendor\composer/../laravel/framework/src/Illuminate/Http/Request.php
D:\OSPanel\domains\pizza.loc\vendor\composer/../symfony/http-foundation/Request.php
D:\OSPanel\domains\pizza.loc\vendor\composer/../laravel/framework/src/Illuminate/Http/Concerns/InteractsWithContentTypes.php
D:\OSPanel\domains\pizza.loc\vendor\composer/../laravel/framework/src/Illuminate/Http/Concerns/InteractsWithFlashData.php
D:\OSPanel\domains\pizza.loc\vendor\composer/../laravel/framework/src/Illuminate/Http/Concerns/InteractsWithInput.php
D:\OSPanel\domains\pizza.loc\vendor\composer/../laravel/framework/src/Illuminate/Contracts/Support/Arrayable.php
D:\OSPanel\domains\pizza.loc\vendor\composer/../symfony/http-foundation/ParameterBag.php
D:\OSPanel\domains\pizza.loc\vendor\composer/../symfony/http-foundation/FileBag.php
D:\OSPanel\domains\pizza.loc\vendor\composer/../symfony/http-foundation/ServerBag.php
D:\OSPanel\domains\pizza.loc\vendor\composer/../symfony/http-foundation/HeaderBag.php
D:\OSPanel\domains\pizza.loc\vendor\composer/../laravel/framework/src/Illuminate/Support/Str.php
D:\OSPanel\domains\pizza.loc\vendor\composer/../laravel/framework/src/Illuminate/Support/Facades/Facade.php
D:\OSPanel\domains\pizza.loc\vendor\composer/../laravel/framework/src/Illuminate/Foundation/Bootstrap/LoadEnvironmentVariables.php
D:\OSPanel\domains\pizza.loc\vendor\composer/../vlucas/phpdotenv/src/Dotenv.php
D:\OSPanel\domains\pizza.loc\vendor\composer/../vlucas/phpdotenv/src/Loader.php
D:\OSPanel\domains\pizza.loc\vendor\composer/../vlucas/phpdotenv/src/Parser.php
D:\OSPanel\domains\pizza.loc\vendor\composer/../laravel/framework/src/Illuminate/Foundation/Bootstrap/LoadConfiguration.php
D:\OSPanel\domains\pizza.loc\vendor\composer/../laravel/framework/src/Illuminate/Config/Repository.php
D:\OSPanel\domains\pizza.loc\vendor\composer/../laravel/framework/src/Illuminate/Contracts/Config/Repository.php
D:\OSPanel\domains\pizza.loc\vendor\composer/../symfony/finder/Finder.php
D:\OSPanel\domains\pizza.loc\vendor\composer/../symfony/finder/Iterator/FileTypeFilterIterator.php
D:\OSPanel\domains\pizza.loc\vendor\composer/../symfony/finder/Iterator/FilterIterator.php
D:\OSPanel\domains\pizza.loc\vendor\composer/../symfony/finder/Iterator/RecursiveDirectoryIterator.php
D:\OSPanel\domains\pizza.loc\vendor\composer/../symfony/finder/Iterator/ExcludeDirectoryFilterIterator.php
D:\OSPanel\domains\pizza.loc\vendor\composer/../symfony/finder/Iterator/FilenameFilterIterator.php
D:\OSPanel\domains\pizza.loc\vendor\composer/../symfony/finder/Iterator/MultiplePcreFilterIterator.php
D:\OSPanel\domains\pizza.loc\vendor\composer/../symfony/finder/Glob.php
D:\OSPanel\domains\pizza.loc\vendor\composer/../symfony/finder/Iterator/PathFilterIterator.php
D:\OSPanel\domains\pizza.loc\vendor\composer/../symfony/finder/SplFileInfo.php
D:\OSPanel\domains\pizza.loc\vendor\composer/../laravel/framework/src/Illuminate/Foundation/EnvironmentDetector.php
D:\OSPanel\domains\pizza.loc\vendor\composer/../laravel/framework/src/Illuminate/Foundation/Bootstrap/HandleExceptions.php
D:\OSPanel\domains\pizza.loc\vendor\composer/../laravel/framework/src/Illuminate/Foundation/Bootstrap/RegisterFacades.php
D:\OSPanel\domains\pizza.loc\vendor\composer/../laravel/framework/src/Illuminate/Foundation/AliasLoader.php
D:\OSPanel\domains\pizza.loc\vendor\composer/../laravel/framework/src/Illuminate/Foundation/Bootstrap/RegisterProviders.php
D:\OSPanel\domains\pizza.loc\vendor\composer/../laravel/framework/src/Illuminate/Foundation/ProviderRepository.php
D:\OSPanel\domains\pizza.loc\vendor\composer/../laravel/framework/src/Illuminate/Filesystem/Filesystem.php
D:\OSPanel\domains\pizza.loc\vendor\composer/../laravel/framework/src/Illuminate/Auth/AuthServiceProvider.php
D:\OSPanel\domains\pizza.loc\vendor\composer/../laravel/framework/src/Illuminate/Cookie/CookieServiceProvider.php
D:\OSPanel\domains\pizza.loc\vendor\composer/../laravel/framework/src/Illuminate/Database/DatabaseServiceProvider.php
D:\OSPanel\domains\pizza.loc\vendor\composer/../laravel/framework/src/Illuminate/Database/Eloquent/Model.php
D:\OSPanel\domains\pizza.loc\vendor\composer/../laravel/framework/src/Illuminate/Database/Eloquent/Concerns/HasAttributes.php
D:\OSPanel\domains\pizza.loc\vendor\composer/../laravel/framework/src/Illuminate/Database/Eloquent/Concerns/HasEvents.php
D:\OSPanel\domains\pizza.loc\vendor\composer/../laravel/framework/src/Illuminate/Database/Eloquent/Concerns/HasGlobalScopes.php
D:\OSPanel\domains\pizza.loc\vendor\composer/../laravel/framework/src/Illuminate/Database/Eloquent/Concerns/HasRelationships.php
D:\OSPanel\domains\pizza.loc\vendor\composer/../laravel/framework/src/Illuminate/Database/Eloquent/Concerns/HasTimestamps.php
D:\OSPanel\domains\pizza.loc\vendor\composer/../laravel/framework/src/Illuminate/Database/Eloquent/Concerns/HidesAttributes.php
D:\OSPanel\domains\pizza.loc\vendor\composer/../laravel/framework/src/Illuminate/Database/Eloquent/Concerns/GuardsAttributes.php
D:\OSPanel\domains\pizza.loc\vendor\composer/../laravel/framework/src/Illuminate/Contracts/Support/Jsonable.php
D:\OSPanel\domains\pizza.loc\vendor\composer/../laravel/framework/src/Illuminate/Contracts/Queue/QueueableEntity.php
D:\OSPanel\domains\pizza.loc\vendor\composer/../laravel/framework/src/Illuminate/Contracts/Routing/UrlRoutable.php
D:\OSPanel\domains\pizza.loc\vendor\composer/../laravel/framework/src/Illuminate/Encryption/EncryptionServiceProvider.php
D:\OSPanel\domains\pizza.loc\vendor\composer/../laravel/framework/src/Illuminate/Filesystem/FilesystemServiceProvider.php
D:\OSPanel\domains\pizza.loc\vendor\composer/../laravel/framework/src/Illuminate/Foundation/Providers/FoundationServiceProvider.php
D:\OSPanel\domains\pizza.loc\vendor\composer/../laravel/framework/src/Illuminate/Support/AggregateServiceProvider.php
D:\OSPanel\domains\pizza.loc\vendor\composer/../laravel/framework/src/Illuminate/Foundation/Providers/FormRequestServiceProvider.php
D:\OSPanel\domains\pizza.loc\vendor\composer/../laravel/framework/src/Illuminate/Notifications/NotificationServiceProvider.php
D:\OSPanel\domains\pizza.loc\vendor\composer/../laravel/framework/src/Illuminate/Pagination/PaginationServiceProvider.php
D:\OSPanel\domains\pizza.loc\vendor\composer/../laravel/framework/src/Illuminate/Pagination/Paginator.php
D:\OSPanel\domains\pizza.loc\vendor\composer/../laravel/framework/src/Illuminate/Pagination/AbstractPaginator.php
D:\OSPanel\domains\pizza.loc\vendor\composer/../laravel/framework/src/Illuminate/Contracts/Support/Htmlable.php
D:\OSPanel\domains\pizza.loc\vendor\composer/../laravel/framework/src/Illuminate/Contracts/Pagination/Paginator.php
D:\OSPanel\domains\pizza.loc\vendor\composer/../laravel/framework/src/Illuminate/Session/SessionServiceProvider.php
D:\OSPanel\domains\pizza.loc\vendor\composer/../laravel/framework/src/Illuminate/View/ViewServiceProvider.php
D:\OSPanel\domains\pizza.loc\vendor\composer/../../app/Providers/AppServiceProvider.php
D:\OSPanel\domains\pizza.loc\vendor\composer/../../app/Providers/AuthServiceProvider.php
D:\OSPanel\domains\pizza.loc\vendor\composer/../laravel/framework/src/Illuminate/Foundation/Support/Providers/AuthServiceProvider.php
D:\OSPanel\domains\pizza.loc\vendor\composer/../../app/Providers/EventServiceProvider.php
D:\OSPanel\domains\pizza.loc\vendor\composer/../laravel/framework/src/Illuminate/Foundation/Support/Providers/EventServiceProvider.php
D:\OSPanel\domains\pizza.loc\vendor\composer/../../app/Providers/RouteServiceProvider.php
D:\OSPanel\domains\pizza.loc\vendor\composer/../laravel/framework/src/Illuminate/Foundation/Support/Providers/RouteServiceProvider.php
D:\OSPanel\domains\pizza.loc\vendor\composer/../laravel/framework/src/Illuminate/Foundation/Bootstrap/BootProviders.php
D:\OSPanel\domains\pizza.loc\vendor\composer/../laravel/framework/src/Illuminate/Container/BoundMethod.php
D:\OSPanel\domains\pizza.loc\vendor\composer/../laravel/framework/src/Illuminate/Database/DatabaseManager.php
D:\OSPanel\domains\pizza.loc\vendor\composer/../laravel/framework/src/Illuminate/Database/ConnectionResolverInterface.php
D:\OSPanel\domains\pizza.loc\vendor\composer/../laravel/framework/src/Illuminate/Database/Connectors/ConnectionFactory.php
D:\OSPanel\domains\pizza.loc\vendor\composer/../laravel/framework/src/Illuminate/View/Engines/EngineResolver.php
D:\OSPanel\domains\pizza.loc\vendor\composer/../laravel/framework/src/Illuminate/View/FileViewFinder.php
D:\OSPanel\domains\pizza.loc\vendor\composer/../laravel/framework/src/Illuminate/View/ViewFinderInterface.php
D:\OSPanel\domains\pizza.loc\vendor\composer/../laravel/framework/src/Illuminate/View/Factory.php
D:\OSPanel\domains\pizza.loc\vendor\composer/../laravel/framework/src/Illuminate/View/Concerns/ManagesComponents.php
D:\OSPanel\domains\pizza.loc\vendor\composer/../laravel/framework/src/Illuminate/View/Concerns/ManagesEvents.php
D:\OSPanel\domains\pizza.loc\vendor\composer/../laravel/framework/src/Illuminate/View/Concerns/ManagesLayouts.php
D:\OSPanel\domains\pizza.loc\vendor\composer/../laravel/framework/src/Illuminate/View/Concerns/ManagesLoops.php
D:\OSPanel\domains\pizza.loc\vendor\composer/../laravel/framework/src/Illuminate/View/Concerns/ManagesStacks.php
D:\OSPanel\domains\pizza.loc\vendor\composer/../laravel/framework/src/Illuminate/View/Concerns/ManagesTranslations.php
D:\OSPanel\domains\pizza.loc\vendor\composer/../laravel/framework/src/Illuminate/Contracts/View/Factory.php
D:\OSPanel\domains\pizza.loc\vendor\composer/../laravel/framework/src/Illuminate/Support/Facades/Gate.php
D:\OSPanel\domains\pizza.loc\vendor\composer/../laravel/framework/src/Illuminate/Auth/Access/Gate.php
D:\OSPanel\domains\pizza.loc\vendor\composer/../laravel/framework/src/Illuminate/Auth/Access/HandlesAuthorization.php
D:\OSPanel\domains\pizza.loc\vendor\composer/../laravel/framework/src/Illuminate/Contracts/Auth/Access/Gate.php
D:\OSPanel\domains\pizza.loc\vendor\composer/../../app/Permission.php
D:\OSPanel\domains\pizza.loc\vendor\composer/../laravel/framework/src/Illuminate/Database/Connection.php
D:\OSPanel\domains\pizza.loc\vendor\composer/../laravel/framework/src/Illuminate/Database/DetectsDeadlocks.php
D:\OSPanel\domains\pizza.loc\vendor\composer/../laravel/framework/src/Illuminate/Database/DetectsLostConnections.php
D:\OSPanel\domains\pizza.loc\vendor\composer/../laravel/framework/src/Illuminate/Database/Concerns/ManagesTransactions.php
D:\OSPanel\domains\pizza.loc\vendor\composer/../laravel/framework/src/Illuminate/Database/ConnectionInterface.php
D:\OSPanel\domains\pizza.loc\vendor\composer/../laravel/framework/src/Illuminate/Database/MySqlConnection.php
D:\OSPanel\domains\pizza.loc\vendor\composer/../laravel/framework/src/Illuminate/Database/Query/Grammars/MySqlGrammar.php
D:\OSPanel\domains\pizza.loc\vendor\composer/../laravel/framework/src/Illuminate/Database/Query/Grammars/Grammar.php
D:\OSPanel\domains\pizza.loc\vendor\composer/../laravel/framework/src/Illuminate/Database/Grammar.php
D:\OSPanel\domains\pizza.loc\vendor\composer/../laravel/framework/src/Illuminate/Database/Query/Processors/MySqlProcessor.php
D:\OSPanel\domains\pizza.loc\vendor\composer/../laravel/framework/src/Illuminate/Database/Query/Processors/Processor.php
D:\OSPanel\domains\pizza.loc\vendor\composer/../laravel/framework/src/Illuminate/Database/Query/Builder.php
D:\OSPanel\domains\pizza.loc\vendor\composer/../laravel/framework/src/Illuminate/Database/Concerns/BuildsQueries.php
D:\OSPanel\domains\pizza.loc\vendor\composer/../laravel/framework/src/Illuminate/Database/Eloquent/Builder.php
D:\OSPanel\domains\pizza.loc\vendor\composer/../laravel/framework/src/Illuminate/Database/Eloquent/Concerns/QueriesRelationships.php
D:\OSPanel\domains\pizza.loc\vendor\composer/../laravel/framework/src/Illuminate/Support/Pluralizer.php
D:\OSPanel\domains\pizza.loc\vendor\composer/../doctrine/inflector/lib/Doctrine/Common/Inflector/Inflector.php
D:\OSPanel\domains\pizza.loc\vendor\composer/../laravel/framework/src/Illuminate/Support/Collection.php
D:\OSPanel\domains\pizza.loc\vendor\composer/../laravel/framework/src/Illuminate/Database/Connectors/MySqlConnector.php
D:\OSPanel\domains\pizza.loc\vendor\composer/../laravel/framework/src/Illuminate/Database/Connectors/Connector.php
D:\OSPanel\domains\pizza.loc\vendor\composer/../laravel/framework/src/Illuminate/Database/Connectors/ConnectorInterface.php
D:\OSPanel\domains\pizza.loc\vendor\composer/../laravel/framework/src/Illuminate/Database/Events/StatementPrepared.php
D:\OSPanel\domains\pizza.loc\vendor\composer/../laravel/framework/src/Illuminate/Database/Events/QueryExecuted.php
D:\OSPanel\domains\pizza.loc\vendor\composer/../laravel/framework/src/Illuminate/Database/Eloquent/Collection.php
D:\OSPanel\domains\pizza.loc\vendor\composer/../laravel/framework/src/Illuminate/Contracts/Queue/QueueableCollection.php
D:\OSPanel\domains\pizza.loc\vendor\composer/../laravel/framework/src/Illuminate/Support/Facades/Event.php
D:\OSPanel\domains\pizza.loc\vendor\composer/../laravel/framework/src/Illuminate/Routing/UrlGenerator.php
D:\OSPanel\domains\pizza.loc\vendor\composer/../laravel/framework/src/Illuminate/Contracts/Routing/UrlGenerator.php
D:\OSPanel\domains\pizza.loc\vendor\composer/../laravel/framework/src/Illuminate/Support/Facades/Route.php
D:\OSPanel\domains\pizza.loc\vendor\composer/../laravel/framework/src/Illuminate/Routing/RouteRegistrar.php
D:\OSPanel\domains\pizza.loc\vendor\composer/../laravel/framework/src/Illuminate/Routing/Route.php
D:\OSPanel\domains\pizza.loc\vendor\composer/../laravel/framework/src/Illuminate/Routing/RouteDependencyResolverTrait.php
D:\OSPanel\domains\pizza.loc\vendor\composer/../laravel/framework/src/Illuminate/Routing/RouteAction.php
D:\OSPanel\domains\pizza.loc\vendor\composer/../laravel/framework/src/Illuminate/Routing/RouteGroup.php
D:\OSPanel\domains\pizza.loc\vendor\composer/../laravel/framework/src/Illuminate/Routing/ResourceRegistrar.php
D:\OSPanel\domains\pizza.loc\vendor\composer/../laravel/framework/src/Illuminate/Support/Facades/Auth.php
D:\OSPanel\domains\pizza.loc\vendor\composer/../laravel/framework/src/Illuminate/Routing/Pipeline.php
D:\OSPanel\domains\pizza.loc\vendor\composer/../laravel/framework/src/Illuminate/Pipeline/Pipeline.php
D:\OSPanel\domains\pizza.loc\vendor\composer/../laravel/framework/src/Illuminate/Contracts/Pipeline/Pipeline.php
D:\OSPanel\domains\pizza.loc\vendor\composer/../laravel/framework/src/Illuminate/Foundation/Http/Middleware/CheckForMaintenanceMode.php
D:\OSPanel\domains\pizza.loc\vendor\composer/../laravel/framework/src/Illuminate/Foundation/Http/Middleware/ValidatePostSize.php
D:\OSPanel\domains\pizza.loc\vendor\composer/../../app/Http/Middleware/TrimStrings.php
D:\OSPanel\domains\pizza.loc\vendor\composer/../laravel/framework/src/Illuminate/Foundation/Http/Middleware/TrimStrings.php
D:\OSPanel\domains\pizza.loc\vendor\composer/../laravel/framework/src/Illuminate/Foundation/Http/Middleware/TransformsRequest.php
D:\OSPanel\domains\pizza.loc\vendor\composer/../laravel/framework/src/Illuminate/Foundation/Http/Middleware/ConvertEmptyStringsToNull.php
D:\OSPanel\domains\pizza.loc\vendor\composer/../laravel/framework/src/Illuminate/Routing/RouteCompiler.php
D:\OSPanel\domains\pizza.loc\vendor\composer/../symfony/routing/Route.php
D:\OSPanel\domains\pizza.loc\vendor\composer/../symfony/routing/RouteCompiler.php
D:\OSPanel\domains\pizza.loc\vendor\composer/../symfony/routing/RouteCompilerInterface.php
D:\OSPanel\domains\pizza.loc\vendor\composer/../symfony/routing/CompiledRoute.php
D:\OSPanel\domains\pizza.loc\vendor\composer/../laravel/framework/src/Illuminate/Routing/Matching/UriValidator.php
D:\OSPanel\domains\pizza.loc\vendor\composer/../laravel/framework/src/Illuminate/Routing/Matching/ValidatorInterface.php
D:\OSPanel\domains\pizza.loc\vendor\composer/../laravel/framework/src/Illuminate/Routing/Matching/MethodValidator.php
D:\OSPanel\domains\pizza.loc\vendor\composer/../laravel/framework/src/Illuminate/Routing/Matching/SchemeValidator.php
D:\OSPanel\domains\pizza.loc\vendor\composer/../laravel/framework/src/Illuminate/Routing/Matching/HostValidator.php
D:\OSPanel\domains\pizza.loc\vendor\composer/../laravel/framework/src/Illuminate/Routing/RouteParameterBinder.php
D:\OSPanel\domains\pizza.loc\vendor\composer/../laravel/framework/src/Illuminate/Routing/Events/RouteMatched.php
D:\OSPanel\domains\pizza.loc\vendor\composer/../laravel/framework/src/Illuminate/Routing/ControllerDispatcher.php
D:\OSPanel\domains\pizza.loc\vendor\composer/../../app\Http\Controllers\OrderController.php
D:\OSPanel\domains\pizza.loc\vendor\composer/../../app/Http/Controllers/Controller.php
D:\OSPanel\domains\pizza.loc\vendor\composer/../laravel/framework/src/Illuminate/Routing/Controller.php
D:\OSPanel\domains\pizza.loc\vendor\composer/../laravel/framework/src/Illuminate/Foundation/Auth/Access/AuthorizesRequests.php
D:\OSPanel\domains\pizza.loc\vendor\composer/../laravel/framework/src/Illuminate/Foundation/Bus/DispatchesJobs.php
D:\OSPanel\domains\pizza.loc\vendor\composer/../laravel/framework/src/Illuminate/Foundation/Validation/ValidatesRequests.php
D:\OSPanel\domains\pizza.loc\vendor\composer/../laravel/framework/src/Illuminate/Routing/MiddlewareNameResolver.php
D:\OSPanel\domains\pizza.loc\vendor\composer/../laravel/framework/src/Illuminate/Routing/SortedMiddleware.php
D:\OSPanel\domains\pizza.loc\vendor\composer/../../app/Http/Middleware/EncryptCookies.php
D:\OSPanel\domains\pizza.loc\vendor\composer/../laravel/framework/src/Illuminate/Cookie/Middleware/EncryptCookies.php
D:\OSPanel\domains\pizza.loc\vendor\composer/../laravel/framework/src/Illuminate/Contracts/Encryption/Encrypter.php
D:\OSPanel\domains\pizza.loc\vendor\composer/../laravel/framework/src/Illuminate/Encryption/Encrypter.php
D:\OSPanel\domains\pizza.loc\vendor\composer/../laravel/framework/src/Illuminate/Cookie/Middleware/AddQueuedCookiesToResponse.php
D:\OSPanel\domains\pizza.loc\vendor\composer/../laravel/framework/src/Illuminate/Contracts/Cookie/QueueingFactory.php
D:\OSPanel\domains\pizza.loc\vendor\composer/../laravel/framework/src/Illuminate/Contracts/Cookie/Factory.php
D:\OSPanel\domains\pizza.loc\vendor\composer/../laravel/framework/src/Illuminate/Cookie/CookieJar.php
D:\OSPanel\domains\pizza.loc\vendor\composer/../laravel/framework/src/Illuminate/Session/Middleware/StartSession.php
D:\OSPanel\domains\pizza.loc\vendor\composer/../laravel/framework/src/Illuminate/Session/SessionManager.php
D:\OSPanel\domains\pizza.loc\vendor\composer/../laravel/framework/src/Illuminate/Support/Manager.php
D:\OSPanel\domains\pizza.loc\vendor\composer/../laravel/framework/src/Illuminate/Session/FileSessionHandler.php
D:\OSPanel\domains\pizza.loc\vendor\composer/../laravel/framework/src/Illuminate/Session/Store.php
D:\OSPanel\domains\pizza.loc\vendor\composer/../laravel/framework/src/Illuminate/Contracts/Session/Session.php
D:\OSPanel\domains\pizza.loc\vendor\composer/../nesbot/carbon/src/Carbon/Carbon.php
D:\OSPanel\domains\pizza.loc\vendor\composer/../laravel/framework/src/Illuminate/View/Middleware/ShareErrorsFromSession.php
D:\OSPanel\domains\pizza.loc\vendor\composer/../laravel/framework/src/Illuminate/Support/ViewErrorBag.php
D:\OSPanel\domains\pizza.loc\vendor\composer/../../app/Http/Middleware/VerifyCsrfToken.php
D:\OSPanel\domains\pizza.loc\vendor\composer/../laravel/framework/src/Illuminate/Foundation/Http/Middleware/VerifyCsrfToken.php
D:\OSPanel\domains\pizza.loc\vendor\composer/../laravel/framework/src/Illuminate/Routing/Middleware/SubstituteBindings.php
D:\OSPanel\domains\pizza.loc\vendor\composer/../laravel/framework/src/Illuminate/Routing/ImplicitRouteBinding.php
D:\OSPanel\domains\pizza.loc\vendor\composer/../laravel/framework/src/Illuminate/Routing/RouteSignatureParameters.php
D:\OSPanel\domains\pizza.loc\vendor\composer/../symfony/debug/Exception/FatalThrowableError.php
D:\OSPanel\domains\pizza.loc\vendor\composer/../symfony/debug/Exception/FatalErrorException.php
D:\OSPanel\domains\pizza.loc\vendor\composer/../../app/Exceptions/Handler.php
D:\OSPanel\domains\pizza.loc\vendor\composer/../laravel/framework/src/Illuminate/Foundation/Exceptions/Handler.php
D:\OSPanel\domains\pizza.loc\vendor\composer/../laravel/framework/src/Illuminate/Contracts/Debug/ExceptionHandler.php
D:\OSPanel\domains\pizza.loc\vendor\composer/../laravel/framework/src/Illuminate/Log/Writer.php
D:\OSPanel\domains\pizza.loc\vendor\composer/../laravel/framework/src/Illuminate/Contracts/Logging/Log.php
D:\OSPanel\domains\pizza.loc\vendor\composer/../psr/log/Psr/Log/LoggerInterface.php
D:\OSPanel\domains\pizza.loc\vendor\composer/../monolog/monolog/src/Monolog/Logger.php
D:\OSPanel\domains\pizza.loc\vendor\composer/../monolog/monolog/src/Monolog/ResettableInterface.php
D:\OSPanel\domains\pizza.loc\vendor\composer/../monolog/monolog/src/Monolog/Handler/StreamHandler.php
D:\OSPanel\domains\pizza.loc\vendor\composer/../monolog/monolog/src/Monolog/Handler/AbstractProcessingHandler.php
D:\OSPanel\domains\pizza.loc\vendor\composer/../monolog/monolog/src/Monolog/Handler/AbstractHandler.php
D:\OSPanel\domains\pizza.loc\vendor\composer/../monolog/monolog/src/Monolog/Handler/HandlerInterface.php
D:\OSPanel\domains\pizza.loc\vendor\composer/../monolog/monolog/src/Monolog/Utils.php
D:\OSPanel\domains\pizza.loc\vendor\composer/../monolog/monolog/src/Monolog/Formatter/LineFormatter.php
D:\OSPanel\domains\pizza.loc\vendor\composer/../monolog/monolog/src/Monolog/Formatter/NormalizerFormatter.php
D:\OSPanel\domains\pizza.loc\vendor\composer/../monolog/monolog/src/Monolog/Formatter/FormatterInterface.php
D:\OSPanel\domains\pizza.loc\vendor\composer/../laravel/framework/src/Illuminate/Log/Events/MessageLogged.php
D:\OSPanel\domains\pizza.loc\vendor\composer/../symfony/debug/Exception/FlattenException.php
D:\OSPanel\domains\pizza.loc\vendor\composer/../symfony/debug/ExceptionHandler.php
D:\OSPanel\domains\pizza.loc\vendor\composer/../symfony/http-foundation/Response.php
D:\OSPanel\domains\pizza.loc\vendor\composer/../symfony/http-foundation/ResponseHeaderBag.php
D:\OSPanel\domains\pizza.loc\vendor\composer/../laravel/framework/src/Illuminate/Http/Response.php
D:\OSPanel\domains\pizza.loc\vendor\composer/../laravel/framework/src/Illuminate/Http/ResponseTrait.php
D:\OSPanel\domains\pizza.loc\vendor\composer/../symfony/http-foundation/Cookie.php
D:\OSPanel\domains\pizza.loc\vendor\composer/../laravel/framework/src/Illuminate/Foundation/Http/Events/RequestHandled.php
D:\OSPanel\domains\pizza.loc\vendor\composer/../laravel/framework/src/Illuminate/Foundation/Application.php
D:\OSPanel\domains\pizza.loc\vendor\composer/../laravel/framework/src/Illuminate/Container/Container.php
D:\OSPanel\domains\pizza.loc\vendor\composer/../laravel/framework/src/Illuminate/Contracts/Container/Container.php
D:\OSPanel\domains\pizza.loc\vendor\composer/../laravel/framework/src/Illuminate/Contracts/Foundation/Application.php
D:\OSPanel\domains\pizza.loc\vendor\composer/../symfony/http-kernel/HttpKernelInterface.php
D:\OSPanel\domains\pizza.loc\vendor\composer/../laravel/framework/src/Illuminate/Events/EventServiceProvider.php
D:\OSPanel\domains\pizza.loc\vendor\composer/../laravel/framework/src/Illuminate/Support/ServiceProvider.php
D:\OSPanel\domains\pizza.loc\vendor\composer/../laravel/framework/src/Illuminate/Support/Arr.php
D:\OSPanel\domains\pizza.loc\vendor\composer/../laravel/framework/src/Illuminate/Support/Traits/Macroable.php
D:\OSPanel\domains\pizza.loc\vendor\composer/../laravel/framework/src/Illuminate/Log/LogServiceProvider.php
D:\OSPanel\domains\pizza.loc\vendor\composer/../laravel/framework/src/Illuminate/Routing/RoutingServiceProvider.php
D:\OSPanel\domains\pizza.loc\vendor\composer/../../app/Http/Kernel.php
D:\OSPanel\domains\pizza.loc\vendor\composer/../laravel/framework/src/Illuminate/Foundation/Http/Kernel.php
D:\OSPanel\domains\pizza.loc\vendor\composer/../laravel/framework/src/Illuminate/Contracts/Http/Kernel.php
D:\OSPanel\domains\pizza.loc\vendor\composer/../laravel/framework/src/Illuminate/Routing/Router.php
D:\OSPanel\domains\pizza.loc\vendor\composer/../laravel/framework/src/Illuminate/Contracts/Routing/Registrar.php
D:\OSPanel\domains\pizza.loc\vendor\composer/../laravel/framework/src/Illuminate/Contracts/Routing/BindingRegistrar.php
D:\OSPanel\domains\pizza.loc\vendor\composer/../laravel/framework/src/Illuminate/Events/Dispatcher.php
D:\OSPanel\domains\pizza.loc\vendor\composer/../laravel/framework/src/Illuminate/Contracts/Events/Dispatcher.php
D:\OSPanel\domains\pizza.loc\vendor\composer/../laravel/framework/src/Illuminate/Routing/RouteCollection.php
D:\OSPanel\domains\pizza.loc\vendor\composer/../laravel/framework/src/Illuminate/Http/Request.php
D:\OSPanel\domains\pizza.loc\vendor\composer/../symfony/http-foundation/Request.php
D:\OSPanel\domains\pizza.loc\vendor\composer/../laravel/framework/src/Illuminate/Http/Concerns/InteractsWithContentTypes.php
D:\OSPanel\domains\pizza.loc\vendor\composer/../laravel/framework/src/Illuminate/Http/Concerns/InteractsWithFlashData.php
D:\OSPanel\domains\pizza.loc\vendor\composer/../laravel/framework/src/Illuminate/Http/Concerns/InteractsWithInput.php
D:\OSPanel\domains\pizza.loc\vendor\composer/../laravel/framework/src/Illuminate/Contracts/Support/Arrayable.php
D:\OSPanel\domains\pizza.loc\vendor\composer/../symfony/http-foundation/ParameterBag.php
D:\OSPanel\domains\pizza.loc\vendor\composer/../symfony/http-foundation/FileBag.php
D:\OSPanel\domains\pizza.loc\vendor\composer/../symfony/http-foundation/ServerBag.php
D:\OSPanel\domains\pizza.loc\vendor\composer/../symfony/http-foundation/HeaderBag.php
D:\OSPanel\domains\pizza.loc\vendor\composer/../laravel/framework/src/Illuminate/Support/Str.php
D:\OSPanel\domains\pizza.loc\vendor\composer/../laravel/framework/src/Illuminate/Support/Facades/Facade.php
D:\OSPanel\domains\pizza.loc\vendor\composer/../laravel/framework/src/Illuminate/Foundation/Bootstrap/LoadEnvironmentVariables.php
D:\OSPanel\domains\pizza.loc\vendor\composer/../vlucas/phpdotenv/src/Dotenv.php
D:\OSPanel\domains\pizza.loc\vendor\composer/../vlucas/phpdotenv/src/Loader.php
D:\OSPanel\domains\pizza.loc\vendor\composer/../vlucas/phpdotenv/src/Parser.php
D:\OSPanel\domains\pizza.loc\vendor\composer/../laravel/framework/src/Illuminate/Foundation/Bootstrap/LoadConfiguration.php
D:\OSPanel\domains\pizza.loc\vendor\composer/../laravel/framework/src/Illuminate/Config/Repository.php
D:\OSPanel\domains\pizza.loc\vendor\composer/../laravel/framework/src/Illuminate/Contracts/Config/Repository.php
D:\OSPanel\domains\pizza.loc\vendor\composer/../symfony/finder/Finder.php
D:\OSPanel\domains\pizza.loc\vendor\composer/../symfony/finder/Iterator/FileTypeFilterIterator.php
D:\OSPanel\domains\pizza.loc\vendor\composer/../symfony/finder/Iterator/FilterIterator.php
D:\OSPanel\domains\pizza.loc\vendor\composer/../symfony/finder/Iterator/RecursiveDirectoryIterator.php
D:\OSPanel\domains\pizza.loc\vendor\composer/../symfony/finder/Iterator/ExcludeDirectoryFilterIterator.php
D:\OSPanel\domains\pizza.loc\vendor\composer/../symfony/finder/Iterator/FilenameFilterIterator.php
D:\OSPanel\domains\pizza.loc\vendor\composer/../symfony/finder/Iterator/MultiplePcreFilterIterator.php
D:\OSPanel\domains\pizza.loc\vendor\composer/../symfony/finder/Glob.php
D:\OSPanel\domains\pizza.loc\vendor\composer/../symfony/finder/Iterator/PathFilterIterator.php
D:\OSPanel\domains\pizza.loc\vendor\composer/../symfony/finder/SplFileInfo.php
D:\OSPanel\domains\pizza.loc\vendor\composer/../laravel/framework/src/Illuminate/Foundation/EnvironmentDetector.php
D:\OSPanel\domains\pizza.loc\vendor\composer/../laravel/framework/src/Illuminate/Foundation/Bootstrap/HandleExceptions.php
D:\OSPanel\domains\pizza.loc\vendor\composer/../laravel/framework/src/Illuminate/Foundation/Bootstrap/RegisterFacades.php
D:\OSPanel\domains\pizza.loc\vendor\composer/../laravel/framework/src/Illuminate/Foundation/AliasLoader.php
D:\OSPanel\domains\pizza.loc\vendor\composer/../laravel/framework/src/Illuminate/Foundation/Bootstrap/RegisterProviders.php
D:\OSPanel\domains\pizza.loc\vendor\composer/../laravel/framework/src/Illuminate/Foundation/ProviderRepository.php
D:\OSPanel\domains\pizza.loc\vendor\composer/../laravel/framework/src/Illuminate/Filesystem/Filesystem.php
D:\OSPanel\domains\pizza.loc\vendor\composer/../laravel/framework/src/Illuminate/Auth/AuthServiceProvider.php
D:\OSPanel\domains\pizza.loc\vendor\composer/../laravel/framework/src/Illuminate/Cookie/CookieServiceProvider.php
D:\OSPanel\domains\pizza.loc\vendor\composer/../laravel/framework/src/Illuminate/Database/DatabaseServiceProvider.php
D:\OSPanel\domains\pizza.loc\vendor\composer/../laravel/framework/src/Illuminate/Database/Eloquent/Model.php
D:\OSPanel\domains\pizza.loc\vendor\composer/../laravel/framework/src/Illuminate/Database/Eloquent/Concerns/HasAttributes.php
D:\OSPanel\domains\pizza.loc\vendor\composer/../laravel/framework/src/Illuminate/Database/Eloquent/Concerns/HasEvents.php
D:\OSPanel\domains\pizza.loc\vendor\composer/../laravel/framework/src/Illuminate/Database/Eloquent/Concerns/HasGlobalScopes.php
D:\OSPanel\domains\pizza.loc\vendor\composer/../laravel/framework/src/Illuminate/Database/Eloquent/Concerns/HasRelationships.php
D:\OSPanel\domains\pizza.loc\vendor\composer/../laravel/framework/src/Illuminate/Database/Eloquent/Concerns/HasTimestamps.php
D:\OSPanel\domains\pizza.loc\vendor\composer/../laravel/framework/src/Illuminate/Database/Eloquent/Concerns/HidesAttributes.php
D:\OSPanel\domains\pizza.loc\vendor\composer/../laravel/framework/src/Illuminate/Database/Eloquent/Concerns/GuardsAttributes.php
D:\OSPanel\domains\pizza.loc\vendor\composer/../laravel/framework/src/Illuminate/Contracts/Support/Jsonable.php
D:\OSPanel\domains\pizza.loc\vendor\composer/../laravel/framework/src/Illuminate/Contracts/Queue/QueueableEntity.php
D:\OSPanel\domains\pizza.loc\vendor\composer/../laravel/framework/src/Illuminate/Contracts/Routing/UrlRoutable.php
D:\OSPanel\domains\pizza.loc\vendor\composer/../laravel/framework/src/Illuminate/Encryption/EncryptionServiceProvider.php
D:\OSPanel\domains\pizza.loc\vendor\composer/../laravel/framework/src/Illuminate/Filesystem/FilesystemServiceProvider.php
D:\OSPanel\domains\pizza.loc\vendor\composer/../laravel/framework/src/Illuminate/Foundation/Providers/FoundationServiceProvider.php
D:\OSPanel\domains\pizza.loc\vendor\composer/../laravel/framework/src/Illuminate/Support/AggregateServiceProvider.php
D:\OSPanel\domains\pizza.loc\vendor\composer/../laravel/framework/src/Illuminate/Foundation/Providers/FormRequestServiceProvider.php
D:\OSPanel\domains\pizza.loc\vendor\composer/../laravel/framework/src/Illuminate/Notifications/NotificationServiceProvider.php
D:\OSPanel\domains\pizza.loc\vendor\composer/../laravel/framework/src/Illuminate/Pagination/PaginationServiceProvider.php
D:\OSPanel\domains\pizza.loc\vendor\composer/../laravel/framework/src/Illuminate/Pagination/Paginator.php
D:\OSPanel\domains\pizza.loc\vendor\composer/../laravel/framework/src/Illuminate/Pagination/AbstractPaginator.php
D:\OSPanel\domains\pizza.loc\vendor\composer/../laravel/framework/src/Illuminate/Contracts/Support/Htmlable.php
D:\OSPanel\domains\pizza.loc\vendor\composer/../laravel/framework/src/Illuminate/Contracts/Pagination/Paginator.php
D:\OSPanel\domains\pizza.loc\vendor\composer/../laravel/framework/src/Illuminate/Session/SessionServiceProvider.php
D:\OSPanel\domains\pizza.loc\vendor\composer/../laravel/framework/src/Illuminate/View/ViewServiceProvider.php
D:\OSPanel\domains\pizza.loc\vendor\composer/../../app/Providers/AppServiceProvider.php
D:\OSPanel\domains\pizza.loc\vendor\composer/../../app/Providers/AuthServiceProvider.php
D:\OSPanel\domains\pizza.loc\vendor\composer/../laravel/framework/src/Illuminate/Foundation/Support/Providers/AuthServiceProvider.php
D:\OSPanel\domains\pizza.loc\vendor\composer/../../app/Providers/EventServiceProvider.php
D:\OSPanel\domains\pizza.loc\vendor\composer/../laravel/framework/src/Illuminate/Foundation/Support/Providers/EventServiceProvider.php
D:\OSPanel\domains\pizza.loc\vendor\composer/../../app/Providers/RouteServiceProvider.php
D:\OSPanel\domains\pizza.loc\vendor\composer/../laravel/framework/src/Illuminate/Foundation/Support/Providers/RouteServiceProvider.php
D:\OSPanel\domains\pizza.loc\vendor\composer/../laravel/framework/src/Illuminate/Foundation/Bootstrap/BootProviders.php
D:\OSPanel\domains\pizza.loc\vendor\composer/../laravel/framework/src/Illuminate/Container/BoundMethod.php
D:\OSPanel\domains\pizza.loc\vendor\composer/../laravel/framework/src/Illuminate/Database/DatabaseManager.php
D:\OSPanel\domains\pizza.loc\vendor\composer/../laravel/framework/src/Illuminate/Database/ConnectionResolverInterface.php
D:\OSPanel\domains\pizza.loc\vendor\composer/../laravel/framework/src/Illuminate/Database/Connectors/ConnectionFactory.php
D:\OSPanel\domains\pizza.loc\vendor\composer/../laravel/framework/src/Illuminate/View/Engines/EngineResolver.php
D:\OSPanel\domains\pizza.loc\vendor\composer/../laravel/framework/src/Illuminate/View/FileViewFinder.php
D:\OSPanel\domains\pizza.loc\vendor\composer/../laravel/framework/src/Illuminate/View/ViewFinderInterface.php
D:\OSPanel\domains\pizza.loc\vendor\composer/../laravel/framework/src/Illuminate/View/Factory.php
D:\OSPanel\domains\pizza.loc\vendor\composer/../laravel/framework/src/Illuminate/View/Concerns/ManagesComponents.php
D:\OSPanel\domains\pizza.loc\vendor\composer/../laravel/framework/src/Illuminate/View/Concerns/ManagesEvents.php
D:\OSPanel\domains\pizza.loc\vendor\composer/../laravel/framework/src/Illuminate/View/Concerns/ManagesLayouts.php
D:\OSPanel\domains\pizza.loc\vendor\composer/../laravel/framework/src/Illuminate/View/Concerns/ManagesLoops.php
D:\OSPanel\domains\pizza.loc\vendor\composer/../laravel/framework/src/Illuminate/View/Concerns/ManagesStacks.php
D:\OSPanel\domains\pizza.loc\vendor\composer/../laravel/framework/src/Illuminate/View/Concerns/ManagesTranslations.php
D:\OSPanel\domains\pizza.loc\vendor\composer/../laravel/framework/src/Illuminate/Contracts/View/Factory.php
D:\OSPanel\domains\pizza.loc\vendor\composer/../laravel/framework/src/Illuminate/Support/Facades/Gate.php
D:\OSPanel\domains\pizza.loc\vendor\composer/../laravel/framework/src/Illuminate/Auth/Access/Gate.php
D:\OSPanel\domains\pizza.loc\vendor\composer/../laravel/framework/src/Illuminate/Auth/Access/HandlesAuthorization.php
D:\OSPanel\domains\pizza.loc\vendor\composer/../laravel/framework/src/Illuminate/Contracts/Auth/Access/Gate.php
D:\OSPanel\domains\pizza.loc\vendor\composer/../../app/Permission.php
D:\OSPanel\domains\pizza.loc\vendor\composer/../laravel/framework/src/Illuminate/Database/Connection.php
D:\OSPanel\domains\pizza.loc\vendor\composer/../laravel/framework/src/Illuminate/Database/DetectsDeadlocks.php
D:\OSPanel\domains\pizza.loc\vendor\composer/../laravel/framework/src/Illuminate/Database/DetectsLostConnections.php
D:\OSPanel\domains\pizza.loc\vendor\composer/../laravel/framework/src/Illuminate/Database/Concerns/ManagesTransactions.php
D:\OSPanel\domains\pizza.loc\vendor\composer/../laravel/framework/src/Illuminate/Database/ConnectionInterface.php
D:\OSPanel\domains\pizza.loc\vendor\composer/../laravel/framework/src/Illuminate/Database/MySqlConnection.php
D:\OSPanel\domains\pizza.loc\vendor\composer/../laravel/framework/src/Illuminate/Database/Query/Grammars/MySqlGrammar.php
D:\OSPanel\domains\pizza.loc\vendor\composer/../laravel/framework/src/Illuminate/Database/Query/Grammars/Grammar.php
D:\OSPanel\domains\pizza.loc\vendor\composer/../laravel/framework/src/Illuminate/Database/Grammar.php
D:\OSPanel\domains\pizza.loc\vendor\composer/../laravel/framework/src/Illuminate/Database/Query/Processors/MySqlProcessor.php
D:\OSPanel\domains\pizza.loc\vendor\composer/../laravel/framework/src/Illuminate/Database/Query/Processors/Processor.php
D:\OSPanel\domains\pizza.loc\vendor\composer/../laravel/framework/src/Illuminate/Database/Query/Builder.php
D:\OSPanel\domains\pizza.loc\vendor\composer/../laravel/framework/src/Illuminate/Database/Concerns/BuildsQueries.php
D:\OSPanel\domains\pizza.loc\vendor\composer/../laravel/framework/src/Illuminate/Database/Eloquent/Builder.php
D:\OSPanel\domains\pizza.loc\vendor\composer/../laravel/framework/src/Illuminate/Database/Eloquent/Concerns/QueriesRelationships.php
D:\OSPanel\domains\pizza.loc\vendor\composer/../laravel/framework/src/Illuminate/Support/Pluralizer.php
D:\OSPanel\domains\pizza.loc\vendor\composer/../doctrine/inflector/lib/Doctrine/Common/Inflector/Inflector.php
D:\OSPanel\domains\pizza.loc\vendor\composer/../laravel/framework/src/Illuminate/Support/Collection.php
D:\OSPanel\domains\pizza.loc\vendor\composer/../laravel/framework/src/Illuminate/Database/Connectors/MySqlConnector.php
D:\OSPanel\domains\pizza.loc\vendor\composer/../laravel/framework/src/Illuminate/Database/Connectors/Connector.php
D:\OSPanel\domains\pizza.loc\vendor\composer/../laravel/framework/src/Illuminate/Database/Connectors/ConnectorInterface.php
D:\OSPanel\domains\pizza.loc\vendor\composer/../laravel/framework/src/Illuminate/Database/Events/StatementPrepared.php
D:\OSPanel\domains\pizza.loc\vendor\composer/../laravel/framework/src/Illuminate/Database/Events/QueryExecuted.php
D:\OSPanel\domains\pizza.loc\vendor\composer/../laravel/framework/src/Illuminate/Database/Eloquent/Collection.php
D:\OSPanel\domains\pizza.loc\vendor\composer/../laravel/framework/src/Illuminate/Contracts/Queue/QueueableCollection.php
D:\OSPanel\domains\pizza.loc\vendor\composer/../laravel/framework/src/Illuminate/Support/Facades/Event.php
D:\OSPanel\domains\pizza.loc\vendor\composer/../laravel/framework/src/Illuminate/Routing/UrlGenerator.php
D:\OSPanel\domains\pizza.loc\vendor\composer/../laravel/framework/src/Illuminate/Contracts/Routing/UrlGenerator.php
D:\OSPanel\domains\pizza.loc\vendor\composer/../laravel/framework/src/Illuminate/Support/Facades/Route.php
D:\OSPanel\domains\pizza.loc\vendor\composer/../laravel/framework/src/Illuminate/Routing/RouteRegistrar.php
D:\OSPanel\domains\pizza.loc\vendor\composer/../laravel/framework/src/Illuminate/Routing/Route.php
D:\OSPanel\domains\pizza.loc\vendor\composer/../laravel/framework/src/Illuminate/Routing/RouteDependencyResolverTrait.php
D:\OSPanel\domains\pizza.loc\vendor\composer/../laravel/framework/src/Illuminate/Routing/RouteAction.php
D:\OSPanel\domains\pizza.loc\vendor\composer/../laravel/framework/src/Illuminate/Routing/RouteGroup.php
D:\OSPanel\domains\pizza.loc\vendor\composer/../laravel/framework/src/Illuminate/Routing/ResourceRegistrar.php
D:\OSPanel\domains\pizza.loc\vendor\composer/../laravel/framework/src/Illuminate/Support/Facades/Auth.php
D:\OSPanel\domains\pizza.loc\vendor\composer/../laravel/framework/src/Illuminate/Routing/Pipeline.php
D:\OSPanel\domains\pizza.loc\vendor\composer/../laravel/framework/src/Illuminate/Pipeline/Pipeline.php
D:\OSPanel\domains\pizza.loc\vendor\composer/../laravel/framework/src/Illuminate/Contracts/Pipeline/Pipeline.php
D:\OSPanel\domains\pizza.loc\vendor\composer/../laravel/framework/src/Illuminate/Foundation/Http/Middleware/CheckForMaintenanceMode.php
D:\OSPanel\domains\pizza.loc\vendor\composer/../laravel/framework/src/Illuminate/Foundation/Http/Middleware/ValidatePostSize.php
D:\OSPanel\domains\pizza.loc\vendor\composer/../../app/Http/Middleware/TrimStrings.php
D:\OSPanel\domains\pizza.loc\vendor\composer/../laravel/framework/src/Illuminate/Foundation/Http/Middleware/TrimStrings.php
D:\OSPanel\domains\pizza.loc\vendor\composer/../laravel/framework/src/Illuminate/Foundation/Http/Middleware/TransformsRequest.php
D:\OSPanel\domains\pizza.loc\vendor\composer/../laravel/framework/src/Illuminate/Foundation/Http/Middleware/ConvertEmptyStringsToNull.php
D:\OSPanel\domains\pizza.loc\vendor\composer/../laravel/framework/src/Illuminate/Routing/RouteCompiler.php
D:\OSPanel\domains\pizza.loc\vendor\composer/../symfony/routing/Route.php
D:\OSPanel\domains\pizza.loc\vendor\composer/../symfony/routing/RouteCompiler.php
D:\OSPanel\domains\pizza.loc\vendor\composer/../symfony/routing/RouteCompilerInterface.php
D:\OSPanel\domains\pizza.loc\vendor\composer/../symfony/routing/CompiledRoute.php
D:\OSPanel\domains\pizza.loc\vendor\composer/../laravel/framework/src/Illuminate/Routing/Matching/UriValidator.php
D:\OSPanel\domains\pizza.loc\vendor\composer/../laravel/framework/src/Illuminate/Routing/Matching/ValidatorInterface.php
D:\OSPanel\domains\pizza.loc\vendor\composer/../laravel/framework/src/Illuminate/Routing/Matching/MethodValidator.php
D:\OSPanel\domains\pizza.loc\vendor\composer/../laravel/framework/src/Illuminate/Routing/Matching/SchemeValidator.php
D:\OSPanel\domains\pizza.loc\vendor\composer/../laravel/framework/src/Illuminate/Routing/Matching/HostValidator.php
D:\OSPanel\domains\pizza.loc\vendor\composer/../laravel/framework/src/Illuminate/Routing/RouteParameterBinder.php
D:\OSPanel\domains\pizza.loc\vendor\composer/../laravel/framework/src/Illuminate/Routing/Events/RouteMatched.php
D:\OSPanel\domains\pizza.loc\vendor\composer/../laravel/framework/src/Illuminate/Routing/ControllerDispatcher.php
D:\OSPanel\domains\pizza.loc\vendor\composer/../../app\Http\Controllers\OrderController.php
D:\OSPanel\domains\pizza.loc\vendor\composer/../../app/Http/Controllers/Controller.php
D:\OSPanel\domains\pizza.loc\vendor\composer/../laravel/framework/src/Illuminate/Routing/Controller.php
D:\OSPanel\domains\pizza.loc\vendor\composer/../laravel/framework/src/Illuminate/Foundation/Auth/Access/AuthorizesRequests.php
D:\OSPanel\domains\pizza.loc\vendor\composer/../laravel/framework/src/Illuminate/Foundation/Bus/DispatchesJobs.php
D:\OSPanel\domains\pizza.loc\vendor\composer/../laravel/framework/src/Illuminate/Foundation/Validation/ValidatesRequests.php
D:\OSPanel\domains\pizza.loc\vendor\composer/../laravel/framework/src/Illuminate/Routing/MiddlewareNameResolver.php
D:\OSPanel\domains\pizza.loc\vendor\composer/../laravel/framework/src/Illuminate/Routing/SortedMiddleware.php
D:\OSPanel\domains\pizza.loc\vendor\composer/../../app/Http/Middleware/EncryptCookies.php
D:\OSPanel\domains\pizza.loc\vendor\composer/../laravel/framework/src/Illuminate/Cookie/Middleware/EncryptCookies.php
D:\OSPanel\domains\pizza.loc\vendor\composer/../laravel/framework/src/Illuminate/Contracts/Encryption/Encrypter.php
D:\OSPanel\domains\pizza.loc\vendor\composer/../laravel/framework/src/Illuminate/Encryption/Encrypter.php
D:\OSPanel\domains\pizza.loc\vendor\composer/../laravel/framework/src/Illuminate/Cookie/Middleware/AddQueuedCookiesToResponse.php
D:\OSPanel\domains\pizza.loc\vendor\composer/../laravel/framework/src/Illuminate/Contracts/Cookie/QueueingFactory.php
D:\OSPanel\domains\pizza.loc\vendor\composer/../laravel/framework/src/Illuminate/Contracts/Cookie/Factory.php
D:\OSPanel\domains\pizza.loc\vendor\composer/../laravel/framework/src/Illuminate/Cookie/CookieJar.php
D:\OSPanel\domains\pizza.loc\vendor\composer/../laravel/framework/src/Illuminate/Session/Middleware/StartSession.php
D:\OSPanel\domains\pizza.loc\vendor\composer/../laravel/framework/src/Illuminate/Session/SessionManager.php
D:\OSPanel\domains\pizza.loc\vendor\composer/../laravel/framework/src/Illuminate/Support/Manager.php
D:\OSPanel\domains\pizza.loc\vendor\composer/../laravel/framework/src/Illuminate/Session/FileSessionHandler.php
D:\OSPanel\domains\pizza.loc\vendor\composer/../laravel/framework/src/Illuminate/Session/Store.php
D:\OSPanel\domains\pizza.loc\vendor\composer/../laravel/framework/src/Illuminate/Contracts/Session/Session.php
D:\OSPanel\domains\pizza.loc\vendor\composer/../nesbot/carbon/src/Carbon/Carbon.php
D:\OSPanel\domains\pizza.loc\vendor\composer/../laravel/framework/src/Illuminate/View/Middleware/ShareErrorsFromSession.php
D:\OSPanel\domains\pizza.loc\vendor\composer/../laravel/framework/src/Illuminate/Support/ViewErrorBag.php
D:\OSPanel\domains\pizza.loc\vendor\composer/../../app/Http/Middleware/VerifyCsrfToken.php
D:\OSPanel\domains\pizza.loc\vendor\composer/../laravel/framework/src/Illuminate/Foundation/Http/Middleware/VerifyCsrfToken.php
D:\OSPanel\domains\pizza.loc\vendor\composer/../laravel/framework/src/Illuminate/Routing/Middleware/SubstituteBindings.php
D:\OSPanel\domains\pizza.loc\vendor\composer/../laravel/framework/src/Illuminate/Routing/ImplicitRouteBinding.php
D:\OSPanel\domains\pizza.loc\vendor\composer/../laravel/framework/src/Illuminate/Routing/RouteSignatureParameters.php
D:\OSPanel\domains\pizza.loc\vendor\composer/../..
D:\OSPanel\domains\pizza.loc\vendor\composer/../../app/Exceptions/Handler.php
D:\OSPanel\domains\pizza.loc\vendor\composer/../laravel/framework/src/Illuminate/Foundation/Exceptions/Handler.php
D:\OSPanel\domains\pizza.loc\vendor\composer/../laravel/framework/src/Illuminate/Contracts/Debug/ExceptionHandler.php
D:\OSPanel\domains\pizza.loc\vendor\composer/../laravel/framework/src/Illuminate/Log/Writer.php
D:\OSPanel\domains\pizza.loc\vendor\composer/../laravel/framework/src/Illuminate/Contracts/Logging/Log.php
D:\OSPanel\domains\pizza.loc\vendor\composer/../psr/log/Psr/Log/LoggerInterface.php
D:\OSPanel\domains\pizza.loc\vendor\composer/../monolog/monolog/src/Monolog/Logger.php
D:\OSPanel\domains\pizza.loc\vendor\composer/../monolog/monolog/src/Monolog/ResettableInterface.php
D:\OSPanel\domains\pizza.loc\vendor\composer/../monolog/monolog/src/Monolog/Handler/StreamHandler.php
D:\OSPanel\domains\pizza.loc\vendor\composer/../monolog/monolog/src/Monolog/Handler/AbstractProcessingHandler.php
D:\OSPanel\domains\pizza.loc\vendor\composer/../monolog/monolog/src/Monolog/Handler/AbstractHandler.php
D:\OSPanel\domains\pizza.loc\vendor\composer/../monolog/monolog/src/Monolog/Handler/HandlerInterface.php
D:\OSPanel\domains\pizza.loc\vendor\composer/../monolog/monolog/src/Monolog/Utils.php
D:\OSPanel\domains\pizza.loc\vendor\composer/../monolog/monolog/src/Monolog/Formatter/LineFormatter.php
D:\OSPanel\domains\pizza.loc\vendor\composer/../monolog/monolog/src/Monolog/Formatter/NormalizerFormatter.php
D:\OSPanel\domains\pizza.loc\vendor\composer/../monolog/monolog/src/Monolog/Formatter/FormatterInterface.php
D:\OSPanel\domains\pizza.loc\vendor\composer/../laravel/framework/src/Illuminate/Log/Events/MessageLogged.php
D:\OSPanel\domains\pizza.loc\vendor\composer/../symfony/debug/Exception/FlattenException.php
D:\OSPanel\domains\pizza.loc\vendor\composer/../symfony/debug/ExceptionHandler.php
D:\OSPanel\domains\pizza.loc\vendor\composer/../symfony/http-foundation/Response.php
D:\OSPanel\domains\pizza.loc\vendor\composer/../symfony/http-foundation/ResponseHeaderBag.php
D:\OSPanel\domains\pizza.loc\vendor\composer/../laravel/framework/src/Illuminate/Http/Response.php
D:\OSPanel\domains\pizza.loc\vendor\composer/../laravel/framework/src/Illuminate/Http/ResponseTrait.php
D:\OSPanel\domains\pizza.loc\vendor\composer/../symfony/http-foundation/Cookie.php
D:\OSPanel\domains\pizza.loc\vendor\composer/../laravel/framework/src/Illuminate/Foundation/Http/Events/RequestHandled.php
